<?xml version="1.0" encoding="UTF-8"?>
<!-- Generated by org.testng.reporters.JUnitXMLReporter -->
<testsuite ignored="0" hostname="DESKTOP-9VDS6PL" failures="0" tests="3" name="FirefoxTest" time="4.283" errors="0" timestamp="2022-09-28T15:10:57 IST">
  <testcase classname="Pack12.VerifyRoomPage" name="@BeforeTest openBrowser" time="4.225">
    <failure type="org.openqa.selenium.WebDriverException" message="Process unexpectedly closed with status 0
Build info: version: &amp;apos;3.141.59&amp;apos;, revision: &amp;apos;e82be7d358&amp;apos;, time: &amp;apos;2018-11-14T08:17:03&amp;apos;
System info: host: &amp;apos;DESKTOP-9VDS6PL&amp;apos;, ip: &amp;apos;192.168.29.164&amp;apos;, os.name: &amp;apos;Windows 10&amp;apos;, os.arch: &amp;apos;amd64&amp;apos;, os.version: &amp;apos;10.0&amp;apos;, java.version: &amp;apos;18.0.1.1&amp;apos;
Driver info: driver.version: FirefoxDriver
remote stacktrace: ">
      <![CDATA[org.openqa.selenium.WebDriverException: Process unexpectedly closed with status 0
Build info: version: '3.141.59', revision: 'e82be7d358', time: '2018-11-14T08:17:03'
System info: host: 'DESKTOP-9VDS6PL', ip: '192.168.29.164', os.name: 'Windows 10', os.arch: 'amd64', os.version: '10.0', java.version: '18.0.1.1'
Driver info: driver.version: FirefoxDriver
remote stacktrace: 
at org.openqa.selenium.remote.W3CHandshakeResponse.lambda$errorHandler$0(W3CHandshakeResponse.java:62)
at org.openqa.selenium.remote.HandshakeResponse.lambda$getResponseFunction$0(HandshakeResponse.java:30)
at org.openqa.selenium.remote.ProtocolHandshake.lambda$createSession$0(ProtocolHandshake.java:126)
at java.base/java.util.stream.ReferencePipeline$3$1.accept(ReferencePipeline.java:197)
at java.base/java.util.Spliterators$ArraySpliterator.tryAdvance(Spliterators.java:1002)
at java.base/java.util.stream.ReferencePipeline.forEachWithCancel(ReferencePipeline.java:129)
at java.base/java.util.stream.AbstractPipeline.copyIntoWithCancel(AbstractPipeline.java:527)
at java.base/java.util.stream.AbstractPipeline.copyInto(AbstractPipeline.java:513)
at java.base/java.util.stream.AbstractPipeline.wrapAndCopyInto(AbstractPipeline.java:499)
at java.base/java.util.stream.FindOps$FindOp.evaluateSequential(FindOps.java:150)
at java.base/java.util.stream.AbstractPipeline.evaluate(AbstractPipeline.java:234)
at java.base/java.util.stream.ReferencePipeline.findFirst(ReferencePipeline.java:647)
at org.openqa.selenium.remote.ProtocolHandshake.createSession(ProtocolHandshake.java:128)
at org.openqa.selenium.remote.ProtocolHandshake.createSession(ProtocolHandshake.java:74)
at org.openqa.selenium.remote.HttpCommandExecutor.execute(HttpCommandExecutor.java:136)
at org.openqa.selenium.remote.service.DriverCommandExecutor.execute(DriverCommandExecutor.java:83)
at org.openqa.selenium.remote.RemoteWebDriver.execute(RemoteWebDriver.java:552)
at org.openqa.selenium.remote.RemoteWebDriver.startSession(RemoteWebDriver.java:213)
at org.openqa.selenium.remote.RemoteWebDriver.<init>(RemoteWebDriver.java:131)
at org.openqa.selenium.firefox.FirefoxDriver.<init>(FirefoxDriver.java:147)
at org.openqa.selenium.firefox.FirefoxDriver.<init>(FirefoxDriver.java:125)
at Pack12.VerifyRoomPage.openBrowser(VerifyRoomPage.java:45)
... Removed 25 stack frames]]>
    </failure>
  </testcase> <!-- @BeforeTest openBrowser -->
  <testcase classname="Pack12.VerifySendMessangerPage" name="@BeforeTest openBrowser" time="-1.664358057773E9">
    <skipped/>
  </testcase> <!-- @BeforeTest openBrowser -->
  <testcase classname="Pack12.VerifySendMessangerPage" name="@BeforeClass createPOMObjects" time="-1.664358057776E9">
    <skipped/>
  </testcase> <!-- @BeforeClass createPOMObjects -->
  <testcase classname="Pack12.VerifySendMessangerPage" name="@BeforeMethod openMessagePage" time="-1.664358057779E9">
    <skipped/>
  </testcase> <!-- @BeforeMethod openMessagePage -->
  <testcase classname="Pack12.VerifySendMessangerPage" name="@AfterClass clraeObjects" time="-1.664358057791E9">
    <skipped/>
  </testcase> <!-- @AfterClass clraeObjects -->
  <testcase classname="Pack12.VerifyRoomPage" name="@BeforeClass createPOMObject" time="-1.664358057794E9">
    <skipped/>
  </testcase> <!-- @BeforeClass createPOMObject -->
  <testcase classname="Pack12.VerifyRoomPage" name="@BeforeMethod openRoomPage" time="-1.664358057796E9">
    <skipped/>
  </testcase> <!-- @BeforeMethod openRoomPage -->
  <testcase classname="Pack12.VerifyRoomPage" name="@AfterMethod logoutFromApplication" time="-1.664358057803E9">
    <skipped/>
  </testcase> <!-- @AfterMethod logoutFromApplication -->
  <testcase classname="Pack12.VerifyRoomPage" name="@BeforeMethod openRoomPage" time="-1.664358057806E9">
    <skipped/>
  </testcase> <!-- @BeforeMethod openRoomPage -->
  <testcase classname="Pack12.VerifyRoomPage" name="@AfterMethod logoutFromApplication" time="-1.664358057813E9">
    <skipped/>
  </testcase> <!-- @AfterMethod logoutFromApplication -->
  <testcase classname="Pack12.VerifyRoomPage" name="@AfterClass clraeObjects" time="-1.664358057814E9">
    <skipped/>
  </testcase> <!-- @AfterClass clraeObjects -->
  <testcase classname="Pack12.VerifyRoomPage" name="@AfterTest closeBrowser" time="-1.664358057816E9">
    <skipped/>
  </testcase> <!-- @AfterTest closeBrowser -->
  <testcase classname="Pack12.VerifySendMessangerPage" name="@AfterTest closeBrowser" time="-1.664358057818E9">
    <skipped/>
  </testcase> <!-- @AfterTest closeBrowser -->
  <testcase classname="Pack12.VerifySendMessangerPage" name="verifySendButton" time="0.0">
    <skipped/>
  </testcase> <!-- verifySendButton -->
  <testcase classname="Pack12.VerifyRoomPage" name="verifyContactToHelpCenterButton" time="0.0">
    <skipped/>
  </testcase> <!-- verifyContactToHelpCenterButton -->
  <testcase classname="Pack12.VerifyRoomPage" name="verifyReturnToMessengerButton" time="0.0">
    <skipped/>
  </testcase> <!-- verifyReturnToMessengerButton -->
</testsuite> <!-- FirefoxTest -->
